05/23/2024 12:36:27 - WARNING - __main__ - Process rank: -1, device: cpu, n_gpu: 0distributed training: False, 16-bits training: False
05/23/2024 12:36:27 - INFO - __main__ - Training/evaluation parameters Seq2SeqTrainingArguments(
_n_gpu=0,
adafactor=False,
adam_beta1=0.9,
adam_beta2=0.999,
adam_epsilon=1e-08,
auto_find_batch_size=False,
bf16=False,
bf16_full_eval=False,
data_seed=None,
dataloader_drop_last=False,
dataloader_num_workers=0,
dataloader_pin_memory=True,
ddp_bucket_cap_mb=None,
ddp_find_unused_parameters=None,
ddp_timeout=1800,
debug=[],
deepspeed=None,
disable_tqdm=False,
do_eval=True,
do_predict=False,
do_train=False,
eval_accumulation_steps=None,
eval_delay=0,
eval_steps=None,
evaluation_strategy=no,
fp16=False,
fp16_backend=auto,
fp16_full_eval=False,
fp16_opt_level=O1,
fsdp=[],
fsdp_config={'fsdp_min_num_params': 0, 'xla': False, 'xla_fsdp_grad_ckpt': False},
fsdp_min_num_params=0,
fsdp_transformer_layer_cls_to_wrap=None,
full_determinism=False,
generation_config=None,
generation_max_length=None,
generation_num_beams=None,
gradient_accumulation_steps=1,
gradient_checkpointing=False,
greater_is_better=None,
group_by_length=False,
half_precision_backend=auto,
hub_model_id=None,
hub_private_repo=False,
hub_strategy=every_save,
hub_token=<HUB_TOKEN>,
ignore_data_skip=False,
include_inputs_for_metrics=True,
jit_mode_eval=False,
label_names=None,
label_smoothing_factor=0.0,
learning_rate=5e-05,
length_column_name=length,
load_best_model_at_end=False,
local_rank=-1,
log_level=passive,
log_level_replica=warning,
log_on_each_node=True,
logging_dir=./save/jvelja_t5-large/runs/May23_12-36-24_MacBook-Pro-di-Matteo-4.local,
logging_first_step=False,
logging_nan_inf_filter=True,
logging_steps=500,
logging_strategy=steps,
lr_scheduler_type=linear,
max_grad_norm=1.0,
max_steps=-1,
metric_for_best_model=None,
mp_parameters=,
no_cuda=False,
num_train_epochs=3.0,
optim=adamw_hf,
optim_args=None,
output_dir=./save/jvelja_t5-large/,
overwrite_output_dir=True,
past_index=-1,
per_device_eval_batch_size=1,
per_device_train_batch_size=8,
predict_with_generate=True,
prediction_loss_only=False,
push_to_hub=False,
push_to_hub_model_id=None,
push_to_hub_organization=None,
push_to_hub_token=<PUSH_TO_HUB_TOKEN>,
ray_scope=last,
remove_unused_columns=True,
report_to=['wandb'],
resume_from_checkpoint=None,
run_name=./save/jvelja_t5-large/,
save_on_each_node=False,
save_safetensors=False,
save_steps=500,
save_strategy=steps,
save_total_limit=None,
seed=42,
sharded_ddp=[],
skip_memory_metrics=True,
sortish_sampler=False,
tf32=None,
torch_compile=False,
torch_compile_backend=None,
torch_compile_mode=None,
torchdynamo=None,
tpu_metrics_debug=False,
tpu_num_cores=None,
use_ipex=False,
use_legacy_prediction_loop=False,
use_mps_device=False,
warmup_ratio=0.0,
warmup_steps=0,
weight_decay=0.0,
xpu_backend=None,
)
/Users/matteo/anaconda3/envs/dl2/lib/python3.10/site-packages/datasets/load.py:2547: FutureWarning: 'use_auth_token' was deprecated in favor of 'token' in version 2.14.0 and will be removed in 3.0.0.
You can remove this warning by passing 'token=<use_auth_token>' instead.
  warnings.warn(
/Users/matteo/anaconda3/envs/dl2/lib/python3.10/site-packages/datasets/load.py:1486: FutureWarning: The repository for samsum contains custom code which must be executed to correctly load the dataset. You can inspect the repository content at https://hf.co/datasets/samsum
You can avoid this message in future by passing the argument `trust_remote_code=True`.
Passing `trust_remote_code=True` will be mandatory to load this dataset from the next major release of `datasets`.
  warnings.warn(
05/23/2024 12:36:32 - INFO - datasets.builder - No config specified, defaulting to the single config: samsum/samsum
05/23/2024 12:36:32 - INFO - datasets.info - Loading Dataset Infos from /Users/matteo/.cache/huggingface/modules/datasets_modules/datasets/samsum/f1d7c6b7353e6de335d444e424dc002ef70d1277109031327bc9cc6af5d3d46e
05/23/2024 12:36:32 - INFO - datasets.builder - Overwrite dataset info from restored data version if exists.
05/23/2024 12:36:32 - INFO - datasets.info - Loading Dataset info from /Users/matteo/.cache/huggingface/datasets/samsum/samsum/0.0.0/f1d7c6b7353e6de335d444e424dc002ef70d1277109031327bc9cc6af5d3d46e
05/23/2024 12:36:32 - INFO - datasets.builder - Found cached dataset samsum (/Users/matteo/.cache/huggingface/datasets/samsum/samsum/0.0.0/f1d7c6b7353e6de335d444e424dc002ef70d1277109031327bc9cc6af5d3d46e)
05/23/2024 12:36:32 - INFO - datasets.info - Loading Dataset info from /Users/matteo/.cache/huggingface/datasets/samsum/samsum/0.0.0/f1d7c6b7353e6de335d444e424dc002ef70d1277109031327bc9cc6af5d3d46e
No config specified, defaulting to the single config: samsum/samsum
Loading Dataset Infos from /Users/matteo/.cache/huggingface/modules/datasets_modules/datasets/samsum/f1d7c6b7353e6de335d444e424dc002ef70d1277109031327bc9cc6af5d3d46e
Overwrite dataset info from restored data version if exists.
Loading Dataset info from /Users/matteo/.cache/huggingface/datasets/samsum/samsum/0.0.0/f1d7c6b7353e6de335d444e424dc002ef70d1277109031327bc9cc6af5d3d46e
Found cached dataset samsum (/Users/matteo/.cache/huggingface/datasets/samsum/samsum/0.0.0/f1d7c6b7353e6de335d444e424dc002ef70d1277109031327bc9cc6af5d3d46e)
Loading Dataset info from /Users/matteo/.cache/huggingface/datasets/samsum/samsum/0.0.0/f1d7c6b7353e6de335d444e424dc002ef70d1277109031327bc9cc6af5d3d46e
[INFO|configuration_utils.py:668] 2024-05-23 12:36:32,849 >> loading configuration file config.json from cache at /Users/matteo/.cache/huggingface/hub/models--google-t5--t5-large/snapshots/150ebc2c4b72291e770f58e6057481c8d2ed331a/config.json
[INFO|configuration_utils.py:720] 2024-05-23 12:36:32,851 >> Model config T5Config {
  "_name_or_path": "google-t5/t5-large",
  "architectures": [
    "T5ForConditionalGeneration"
  ],
  "d_ff": 4096,
  "d_kv": 64,
  "d_model": 1024,
  "decoder_start_token_id": 0,
  "dense_act_fn": "relu",
  "dropout_rate": 0.1,
  "eos_token_id": 1,
  "feed_forward_proj": "relu",
  "initializer_factor": 1.0,
  "is_encoder_decoder": true,
  "is_gated_act": false,
  "layer_norm_epsilon": 1e-06,
  "model_type": "t5",
  "n_positions": 512,
  "num_decoder_layers": 24,
  "num_heads": 16,
  "num_layers": 24,
  "output_past": true,
  "pad_token_id": 0,
  "relative_attention_max_distance": 128,
  "relative_attention_num_buckets": 32,
  "task_specific_params": {
    "summarization": {
      "early_stopping": true,
      "length_penalty": 2.0,
      "max_length": 200,
      "min_length": 30,
      "no_repeat_ngram_size": 3,
      "num_beams": 4,
      "prefix": "summarize: "
    },
    "translation_en_to_de": {
      "early_stopping": true,
      "max_length": 300,
      "num_beams": 4,
      "prefix": "translate English to German: "
    },
    "translation_en_to_fr": {
      "early_stopping": true,
      "max_length": 300,
      "num_beams": 4,
      "prefix": "translate English to French: "
    },
    "translation_en_to_ro": {
      "early_stopping": true,
      "max_length": 300,
      "num_beams": 4,
      "prefix": "translate English to Romanian: "
    }
  },
  "transformers_version": "4.28.1",
  "use_cache": true,
  "vocab_size": 32128
}
[INFO|tokenization_auto.py:502] 2024-05-23 12:36:33,048 >> Could not locate the tokenizer configuration file, will try to use the model config instead.
[INFO|configuration_utils.py:668] 2024-05-23 12:36:33,186 >> loading configuration file config.json from cache at /Users/matteo/.cache/huggingface/hub/models--google-t5--t5-large/snapshots/150ebc2c4b72291e770f58e6057481c8d2ed331a/config.json
[INFO|configuration_utils.py:720] 2024-05-23 12:36:33,187 >> Model config T5Config {
  "_name_or_path": "google-t5/t5-large",
  "architectures": [
    "T5ForConditionalGeneration"
  ],
  "d_ff": 4096,
  "d_kv": 64,
  "d_model": 1024,
  "decoder_start_token_id": 0,
  "dense_act_fn": "relu",
  "dropout_rate": 0.1,
  "eos_token_id": 1,
  "feed_forward_proj": "relu",
  "initializer_factor": 1.0,
  "is_encoder_decoder": true,
  "is_gated_act": false,
  "layer_norm_epsilon": 1e-06,
  "model_type": "t5",
  "n_positions": 512,
  "num_decoder_layers": 24,
  "num_heads": 16,
  "num_layers": 24,
  "output_past": true,
  "pad_token_id": 0,
  "relative_attention_max_distance": 128,
  "relative_attention_num_buckets": 32,
  "task_specific_params": {
    "summarization": {
      "early_stopping": true,
      "length_penalty": 2.0,
      "max_length": 200,
      "min_length": 30,
      "no_repeat_ngram_size": 3,
      "num_beams": 4,
      "prefix": "summarize: "
    },
    "translation_en_to_de": {
      "early_stopping": true,
      "max_length": 300,
      "num_beams": 4,
      "prefix": "translate English to German: "
    },
    "translation_en_to_fr": {
      "early_stopping": true,
      "max_length": 300,
      "num_beams": 4,
      "prefix": "translate English to French: "
    },
    "translation_en_to_ro": {
      "early_stopping": true,
      "max_length": 300,
      "num_beams": 4,
      "prefix": "translate English to Romanian: "
    }
  },
  "transformers_version": "4.28.1",
  "use_cache": true,
  "vocab_size": 32128
}
[INFO|tokenization_utils_base.py:1809] 2024-05-23 12:36:33,575 >> loading file spiece.model from cache at /Users/matteo/.cache/huggingface/hub/models--google-t5--t5-large/snapshots/150ebc2c4b72291e770f58e6057481c8d2ed331a/spiece.model
[INFO|tokenization_utils_base.py:1809] 2024-05-23 12:36:33,575 >> loading file tokenizer.json from cache at /Users/matteo/.cache/huggingface/hub/models--google-t5--t5-large/snapshots/150ebc2c4b72291e770f58e6057481c8d2ed331a/tokenizer.json
[INFO|tokenization_utils_base.py:1809] 2024-05-23 12:36:33,576 >> loading file added_tokens.json from cache at None
[INFO|tokenization_utils_base.py:1809] 2024-05-23 12:36:33,576 >> loading file special_tokens_map.json from cache at None
[INFO|tokenization_utils_base.py:1809] 2024-05-23 12:36:33,576 >> loading file tokenizer_config.json from cache at None
[INFO|configuration_utils.py:668] 2024-05-23 12:36:33,577 >> loading configuration file config.json from cache at /Users/matteo/.cache/huggingface/hub/models--google-t5--t5-large/snapshots/150ebc2c4b72291e770f58e6057481c8d2ed331a/config.json
[INFO|configuration_utils.py:720] 2024-05-23 12:36:33,579 >> Model config T5Config {
  "_name_or_path": "google-t5/t5-large",
  "architectures": [
    "T5ForConditionalGeneration"
  ],
  "d_ff": 4096,
  "d_kv": 64,
  "d_model": 1024,
  "decoder_start_token_id": 0,
  "dense_act_fn": "relu",
  "dropout_rate": 0.1,
  "eos_token_id": 1,
  "feed_forward_proj": "relu",
  "initializer_factor": 1.0,
  "is_encoder_decoder": true,
  "is_gated_act": false,
  "layer_norm_epsilon": 1e-06,
  "model_type": "t5",
  "n_positions": 512,
  "num_decoder_layers": 24,
  "num_heads": 16,
  "num_layers": 24,
  "output_past": true,
  "pad_token_id": 0,
  "relative_attention_max_distance": 128,
  "relative_attention_num_buckets": 32,
  "task_specific_params": {
    "summarization": {
      "early_stopping": true,
      "length_penalty": 2.0,
      "max_length": 200,
      "min_length": 30,
      "no_repeat_ngram_size": 3,
      "num_beams": 4,
      "prefix": "summarize: "
    },
    "translation_en_to_de": {
      "early_stopping": true,
      "max_length": 300,
      "num_beams": 4,
      "prefix": "translate English to German: "
    },
    "translation_en_to_fr": {
      "early_stopping": true,
      "max_length": 300,
      "num_beams": 4,
      "prefix": "translate English to French: "
    },
    "translation_en_to_ro": {
      "early_stopping": true,
      "max_length": 300,
      "num_beams": 4,
      "prefix": "translate English to Romanian: "
    }
  },
  "transformers_version": "4.28.1",
  "use_cache": true,
  "vocab_size": 32128
}
[INFO|modeling_utils.py:2534] 2024-05-23 12:36:33,721 >> loading weights file model.safetensors from cache at /Users/matteo/.cache/huggingface/hub/models--google-t5--t5-large/snapshots/150ebc2c4b72291e770f58e6057481c8d2ed331a/model.safetensors
[INFO|configuration_utils.py:575] 2024-05-23 12:36:33,839 >> Generate config GenerationConfig {
  "_from_model_config": true,
  "decoder_start_token_id": 0,
  "eos_token_id": 1,
  "pad_token_id": 0,
  "transformers_version": "4.28.1"
}
[INFO|tokenization_utils_base.py:1809] 2024-05-23 12:36:39,338 >> loading file spiece.model from cache at /Users/matteo/.cache/huggingface/hub/models--google-t5--t5-large/snapshots/150ebc2c4b72291e770f58e6057481c8d2ed331a/spiece.model
[INFO|tokenization_utils_base.py:1809] 2024-05-23 12:36:39,338 >> loading file added_tokens.json from cache at None
[INFO|tokenization_utils_base.py:1809] 2024-05-23 12:36:39,339 >> loading file special_tokens_map.json from cache at None
[INFO|tokenization_utils_base.py:1809] 2024-05-23 12:36:39,339 >> loading file tokenizer_config.json from cache at None
[INFO|configuration_utils.py:668] 2024-05-23 12:36:39,339 >> loading configuration file config.json from cache at /Users/matteo/.cache/huggingface/hub/models--google-t5--t5-large/snapshots/150ebc2c4b72291e770f58e6057481c8d2ed331a/config.json
[INFO|configuration_utils.py:720] 2024-05-23 12:36:39,340 >> Model config T5Config {
  "_name_or_path": "google-t5/t5-large",
  "architectures": [
    "T5ForConditionalGeneration"
  ],
  "d_ff": 4096,
  "d_kv": 64,
  "d_model": 1024,
  "decoder_start_token_id": 0,
  "dense_act_fn": "relu",
  "dropout_rate": 0.1,
  "eos_token_id": 1,
  "feed_forward_proj": "relu",
  "initializer_factor": 1.0,
  "is_encoder_decoder": true,
  "is_gated_act": false,
  "layer_norm_epsilon": 1e-06,
  "model_type": "t5",
  "n_positions": 512,
  "num_decoder_layers": 24,
  "num_heads": 16,
  "num_layers": 24,
  "output_past": true,
  "pad_token_id": 0,
  "relative_attention_max_distance": 128,
  "relative_attention_num_buckets": 32,
  "task_specific_params": {
    "summarization": {
      "early_stopping": true,
      "length_penalty": 2.0,
      "max_length": 200,
      "min_length": 30,
      "no_repeat_ngram_size": 3,
      "num_beams": 4,
      "prefix": "summarize: "
    },
    "translation_en_to_de": {
      "early_stopping": true,
      "max_length": 300,
      "num_beams": 4,
      "prefix": "translate English to German: "
    },
    "translation_en_to_fr": {
      "early_stopping": true,
      "max_length": 300,
      "num_beams": 4,
      "prefix": "translate English to French: "
    },
    "translation_en_to_ro": {
      "early_stopping": true,
      "max_length": 300,
      "num_beams": 4,
      "prefix": "translate English to Romanian: "
    }
  },
  "transformers_version": "4.28.1",
  "use_cache": true,
  "vocab_size": 32128
}
05/23/2024 12:36:44 - INFO - datasets.arrow_dataset - Loading cached processed dataset at /Users/matteo/.cache/huggingface/datasets/samsum/samsum/0.0.0/f1d7c6b7353e6de335d444e424dc002ef70d1277109031327bc9cc6af5d3d46e/cache-d374409a325e546d.arrow
[INFO|tokenization_utils_base.py:1809] 2024-05-23 12:36:43,533 >> loading file spiece.model from cache at /Users/matteo/.cache/huggingface/hub/models--google-t5--t5-large/snapshots/150ebc2c4b72291e770f58e6057481c8d2ed331a/spiece.model
[INFO|tokenization_utils_base.py:1809] 2024-05-23 12:36:43,533 >> loading file added_tokens.json from cache at None
[INFO|tokenization_utils_base.py:1809] 2024-05-23 12:36:43,534 >> loading file special_tokens_map.json from cache at None
[INFO|tokenization_utils_base.py:1809] 2024-05-23 12:36:43,534 >> loading file tokenizer_config.json from cache at None
[INFO|configuration_utils.py:668] 2024-05-23 12:36:43,535 >> loading configuration file config.json from cache at /Users/matteo/.cache/huggingface/hub/models--google-t5--t5-large/snapshots/150ebc2c4b72291e770f58e6057481c8d2ed331a/config.json
[INFO|configuration_utils.py:720] 2024-05-23 12:36:43,536 >> Model config T5Config {
  "_name_or_path": "google-t5/t5-large",
  "architectures": [
    "T5ForConditionalGeneration"
  ],
  "d_ff": 4096,
  "d_kv": 64,
  "d_model": 1024,
  "decoder_start_token_id": 0,
  "dense_act_fn": "relu",
  "dropout_rate": 0.1,
  "eos_token_id": 1,
  "feed_forward_proj": "relu",
  "initializer_factor": 1.0,
  "is_encoder_decoder": true,
  "is_gated_act": false,
  "layer_norm_epsilon": 1e-06,
  "model_type": "t5",
  "n_positions": 512,
  "num_decoder_layers": 24,
  "num_heads": 16,
  "num_layers": 24,
  "output_past": true,
  "pad_token_id": 0,
  "relative_attention_max_distance": 128,
  "relative_attention_num_buckets": 32,
  "task_specific_params": {
    "summarization": {
      "early_stopping": true,
      "length_penalty": 2.0,
      "max_length": 200,
      "min_length": 30,
      "no_repeat_ngram_size": 3,
      "num_beams": 4,
      "prefix": "summarize: "
    },
    "translation_en_to_de": {
      "early_stopping": true,
      "max_length": 300,
      "num_beams": 4,
      "prefix": "translate English to German: "
    },
    "translation_en_to_fr": {
      "early_stopping": true,
      "max_length": 300,
      "num_beams": 4,
      "prefix": "translate English to French: "
    },
    "translation_en_to_ro": {
      "early_stopping": true,
      "max_length": 300,
      "num_beams": 4,
      "prefix": "translate English to Romanian: "
    }
  },
  "transformers_version": "4.28.1",
  "use_cache": true,
  "vocab_size": 32128
}
[INFO|modeling_utils.py:3190] 2024-05-23 12:36:44,288 >> All model checkpoint weights were used when initializing DeployT5ForConditionalGeneration.
[INFO|modeling_utils.py:3198] 2024-05-23 12:36:44,288 >> All the weights of DeployT5ForConditionalGeneration were initialized from the model checkpoint at google-t5/t5-large.
If your task is similar to the task the model of the checkpoint was trained on, you can already use DeployT5ForConditionalGeneration for predictions without further training.
[INFO|configuration_utils.py:537] 2024-05-23 12:36:44,580 >> loading configuration file generation_config.json from cache at /Users/matteo/.cache/huggingface/hub/models--google-t5--t5-large/snapshots/150ebc2c4b72291e770f58e6057481c8d2ed331a/generation_config.json
[INFO|configuration_utils.py:575] 2024-05-23 12:36:44,581 >> Generate config GenerationConfig {
  "_from_model_config": true,
  "decoder_start_token_id": 0,
  "eos_token_id": 1,
  "pad_token_id": 0,
  "transformers_version": "4.28.1"
}
Loading cached processed dataset at /Users/matteo/.cache/huggingface/datasets/samsum/samsum/0.0.0/f1d7c6b7353e6de335d444e424dc002ef70d1277109031327bc9cc6af5d3d46e/cache-d374409a325e546d.arrow
05/23/2024 12:36:46 - INFO - __main__ - *** Evaluate ***
[INFO|tokenization_auto.py:502] 2024-05-23 12:36:46,182 >> Could not locate the tokenizer configuration file, will try to use the model config instead.
[INFO|configuration_utils.py:668] 2024-05-23 12:36:46,519 >> loading configuration file config.json from cache at /Users/matteo/.cache/huggingface/hub/models--google-t5--t5-large/snapshots/150ebc2c4b72291e770f58e6057481c8d2ed331a/config.json
[INFO|configuration_utils.py:720] 2024-05-23 12:36:46,521 >> Model config T5Config {
  "_name_or_path": "google-t5/t5-large",
  "architectures": [
    "T5ForConditionalGeneration"
  ],
  "d_ff": 4096,
  "d_kv": 64,
  "d_model": 1024,
  "decoder_start_token_id": 0,
  "dense_act_fn": "relu",
  "dropout_rate": 0.1,
  "eos_token_id": 1,
  "feed_forward_proj": "relu",
  "initializer_factor": 1.0,
  "is_encoder_decoder": true,
  "is_gated_act": false,
  "layer_norm_epsilon": 1e-06,
  "model_type": "t5",
  "n_positions": 512,
  "num_decoder_layers": 24,
  "num_heads": 16,
  "num_layers": 24,
  "output_past": true,
  "pad_token_id": 0,
  "relative_attention_max_distance": 128,
  "relative_attention_num_buckets": 32,
  "task_specific_params": {
    "summarization": {
      "early_stopping": true,
      "length_penalty": 2.0,
      "max_length": 200,
      "min_length": 30,
      "no_repeat_ngram_size": 3,
      "num_beams": 4,
      "prefix": "summarize: "
    },
    "translation_en_to_de": {
      "early_stopping": true,
      "max_length": 300,
      "num_beams": 4,
      "prefix": "translate English to German: "
    },
    "translation_en_to_fr": {
      "early_stopping": true,
      "max_length": 300,
      "num_beams": 4,
      "prefix": "translate English to French: "
    },
    "translation_en_to_ro": {
      "early_stopping": true,
      "max_length": 300,
      "num_beams": 4,
      "prefix": "translate English to Romanian: "
    }
  },
  "transformers_version": "4.28.1",
  "use_cache": true,
  "vocab_size": 32128
}
[INFO|tokenization_utils_base.py:1809] 2024-05-23 12:36:46,820 >> loading file spiece.model from cache at /Users/matteo/.cache/huggingface/hub/models--google-t5--t5-large/snapshots/150ebc2c4b72291e770f58e6057481c8d2ed331a/spiece.model
[INFO|tokenization_utils_base.py:1809] 2024-05-23 12:36:46,820 >> loading file tokenizer.json from cache at /Users/matteo/.cache/huggingface/hub/models--google-t5--t5-large/snapshots/150ebc2c4b72291e770f58e6057481c8d2ed331a/tokenizer.json
[INFO|tokenization_utils_base.py:1809] 2024-05-23 12:36:46,820 >> loading file added_tokens.json from cache at None
[INFO|tokenization_utils_base.py:1809] 2024-05-23 12:36:46,821 >> loading file special_tokens_map.json from cache at None
[INFO|tokenization_utils_base.py:1809] 2024-05-23 12:36:46,821 >> loading file tokenizer_config.json from cache at None
[INFO|configuration_utils.py:668] 2024-05-23 12:36:46,822 >> loading configuration file config.json from cache at /Users/matteo/.cache/huggingface/hub/models--google-t5--t5-large/snapshots/150ebc2c4b72291e770f58e6057481c8d2ed331a/config.json
[INFO|configuration_utils.py:720] 2024-05-23 12:36:46,824 >> Model config T5Config {
  "_name_or_path": "google-t5/t5-large",
  "architectures": [
    "T5ForConditionalGeneration"
  ],
  "d_ff": 4096,
  "d_kv": 64,
  "d_model": 1024,
  "decoder_start_token_id": 0,
  "dense_act_fn": "relu",
  "dropout_rate": 0.1,
  "eos_token_id": 1,
  "feed_forward_proj": "relu",
  "initializer_factor": 1.0,
  "is_encoder_decoder": true,
  "is_gated_act": false,
  "layer_norm_epsilon": 1e-06,
  "model_type": "t5",
  "n_positions": 512,
  "num_decoder_layers": 24,
  "num_heads": 16,
  "num_layers": 24,
  "output_past": true,
  "pad_token_id": 0,
  "relative_attention_max_distance": 128,
  "relative_attention_num_buckets": 32,
  "task_specific_params": {
    "summarization": {
      "early_stopping": true,
      "length_penalty": 2.0,
      "max_length": 200,
      "min_length": 30,
      "no_repeat_ngram_size": 3,
      "num_beams": 4,
      "prefix": "summarize: "
    },
    "translation_en_to_de": {
      "early_stopping": true,
      "max_length": 300,
      "num_beams": 4,
      "prefix": "translate English to German: "
    },
    "translation_en_to_fr": {
      "early_stopping": true,
      "max_length": 300,
      "num_beams": 4,
      "prefix": "translate English to French: "
    },
    "translation_en_to_ro": {
      "early_stopping": true,
      "max_length": 300,
      "num_beams": 4,
      "prefix": "translate English to Romanian: "
    }
  },
  "transformers_version": "4.28.1",
  "use_cache": true,
  "vocab_size": 32128
}
[WARNING|logging.py:280] 2024-05-23 12:36:46,881 >> You're using a T5TokenizerFast tokenizer. Please note that with a fast tokenizer, using the `__call__` method is faster than using a method to encode the text followed by a call to the `pad` method to get a padded encoding.
[INFO|configuration_utils.py:575] 2024-05-23 12:36:46,882 >> Generate config GenerationConfig {
  "_from_model_config": true,
  "decoder_start_token_id": 0,
  "eos_token_id": 1,
  "pad_token_id": 0,
  "transformers_version": "4.28.1"
}
all_preds [[0 3 9 9 9 9 9 9 9 9 9 9 9 9 9 9 9 9 9 9 9 9 9 9 9 9 9 9 9 9 9 9 9 9 9 9
  9 9 9 9 9 9 9 9 9 9 9 9 9 9 9 9 9 9 9 9 9 9 9 9 9 9 9 9 9 9 9 9 9 9 9 9
  9 9 9 9 9 9 9 9 9 9 9 9 9 9 9 9 9 9 9 9 9 9 9 9 9 9 9 9 9 9 9 9 9 9 9 9
  9 9 9 9 9 9 9 9 9 9 9 9 9 9 9 9 9 9 9 9]]
all_labels [[   71    56   281    12     8  2586  8596  5721    12   129     3     9
  17351    21   160   520     5   328   641  5251     8  8596   336  2089
     11     8   520  3260     8 17351     5     1     0     0     0     0
      0     0     0     0     0     0     0     0     0     0     0     0
      0     0     0     0     0     0     0     0     0     0     0     0
      0     0     0     0     0     0     0     0     0     0     0     0
      0     0     0     0     0     0     0     0     0     0     0     0
      0     0     0     0     0     0     0     0     0     0     0     0
      0     0     0     0     0     0     0     0     0     0     0     0
      0     0     0     0     0     0     0     0     0     0     0     0
      0     0     0     0     0     0     0     0]]
all_inputs [[21603    10    71    10  2018  3059     6    33    25  3164  5721    22
      7  3742    58   272    10    27    22    51  1134   417    27   183
      5   363    22     7    95    58    71    10  1072    25   281    28
    140    12     8  2586  8596    58     5   272    10   363   103    25
    241    12   103    58    71    10    27   241    12   129     3     9
  17351    21    82   520     5   272    10   466    56   143   376    78
   1095     5    71    10 11475     6    62    22   162  5172    34   186
    648     5    27   317     3    88    22     7  1065   230     5   272
     10   466    22     7   207     5  2922  4890     3     9  1782    19
      3     9  3429   962     5  2792   578     3     9  1871     3   117
     18    61    71    10    27    31   195   129   376    80    13   273
    385  3887     5   272    10   555    24   751    31    17  1604    95
    396   600   117    18    61    71    10   275     3  1544   396   231
    117    18    61    61   272    10   531    25   214    84    80     3
     88   133   114    58    71    10  3359     6  4273     6    27   808
    376   132   336  2089     5   216  3217   140    80    24     3    88
    310  6528     5   272    10    27    36    17    25   141    12  5439
    376   550     5    71    10   216  1114    12   240    34   234   269
    550     3   117    18   137   272    10    27  3337   125     3    88
     31   195   564    34     5    71    10   216   243     3    88    22
     26   564    34   227   112  3654     3  1483  1370     3   104   312
    635    63     3    18     3    88    31     7     3     9   248  5083
   3313  1819     3    10    18    61    61    61     1]]
preds <transformers.trainer_utils.EvalPrediction object at 0x3e7d3de40>
  0%|                                                                                                                                                                                                                    | 0/1 [00:00<?, ?it/s]Traceback (most recent call last):
  File "/Users/matteo/Documents/MSc/Period5/DL2/Project/Confidently_Exiting/src/run_summarization.py", line 443, in compute_metrics
    decoded_preds = tokenizer.batch_decode(preds, skip_special_tokens=True)
  File "/Users/matteo/anaconda3/envs/dl2/lib/python3.10/site-packages/transformers/tokenization_utils_base.py", line 3446, in batch_decode
    return [
  File "/Users/matteo/anaconda3/envs/dl2/lib/python3.10/site-packages/transformers/tokenization_utils_base.py", line 3447, in <listcomp>
    self.decode(
  File "/Users/matteo/anaconda3/envs/dl2/lib/python3.10/site-packages/transformers/tokenization_utils_base.py", line 3486, in decode
    return self._decode(
  File "/Users/matteo/anaconda3/envs/dl2/lib/python3.10/site-packages/transformers/tokenization_utils_fast.py", line 549, in _decode
    text = self._tokenizer.decode(token_ids, skip_special_tokens=skip_special_tokens)
TypeError: argument 'ids': 'list' object cannot be interpreted as an integer
During handling of the above exception, another exception occurred:
Traceback (most recent call last):
  File "/Users/matteo/anaconda3/envs/dl2/lib/python3.10/runpy.py", line 196, in _run_module_as_main
    return _run_code(code, main_globals, None,
  File "/Users/matteo/anaconda3/envs/dl2/lib/python3.10/runpy.py", line 86, in _run_code
    exec(code, run_globals)
  File "/Users/matteo/Documents/MSc/Period5/DL2/Project/Confidently_Exiting/src/run_summarization.py", line 662, in <module>
    main(model_args, data_args, training_args, additional_args, model_cls, trainer_cls)
  File "/Users/matteo/Documents/MSc/Period5/DL2/Project/Confidently_Exiting/src/run_summarization.py", line 519, in main
    output = trainer.evaluate(metric_key_prefix="eval")
  File "/Users/matteo/Documents/MSc/Period5/DL2/Project/Confidently_Exiting/src/sum_lib/trainer_sum.py", line 110, in evaluate
    output = eval_loop(
  File "/Users/matteo/Documents/MSc/Period5/DL2/Project/Confidently_Exiting/src/sum_lib/trainer_sum.py", line 356, in evaluation_loop
    metrics = self.compute_metrics(
  File "/Users/matteo/Documents/MSc/Period5/DL2/Project/Confidently_Exiting/src/run_summarization.py", line 446, in compute_metrics
    decoded_preds = tokenizer.batch_decode(np.where(preds != -100, preds, tokenizer.pad_token_id),
  File "/Users/matteo/anaconda3/envs/dl2/lib/python3.10/site-packages/transformers/tokenization_utils_base.py", line 3446, in batch_decode
    return [
TypeError: iteration over a 0-d array