2024-05-23 10:55:43,042 INFO    StreamThr :47538 [internal.py:wandb_internal():86] W&B internal server running at pid: 47538, started at: 2024-05-23 10:55:43.040350
2024-05-23 10:55:43,044 DEBUG   HandlerThread:47538 [handler.py:handle_request():146] handle_request: status
2024-05-23 10:55:43,046 INFO    WriterThread:47538 [datastore.py:open_for_write():87] open: /Users/matteo/Documents/MSc/Period5/DL2/Project/Confidently_Exiting/src/wandb/run-20240523_105542-qwyidp7i/run-qwyidp7i.wandb
2024-05-23 10:55:43,048 DEBUG   SenderThread:47538 [sender.py:send():379] send: header
2024-05-23 10:55:43,048 DEBUG   SenderThread:47538 [sender.py:send():379] send: run
2024-05-23 10:55:43,459 INFO    SenderThread:47538 [dir_watcher.py:__init__():211] watching files in: /Users/matteo/Documents/MSc/Period5/DL2/Project/Confidently_Exiting/src/wandb/run-20240523_105542-qwyidp7i/files
2024-05-23 10:55:43,459 INFO    SenderThread:47538 [sender.py:_start_run_threads():1124] run started: qwyidp7i with start time 1716454542.086192
2024-05-23 10:55:43,468 DEBUG   HandlerThread:47538 [handler.py:handle_request():146] handle_request: check_version
2024-05-23 10:55:43,468 DEBUG   SenderThread:47538 [sender.py:send_request():406] send_request: check_version
2024-05-23 10:55:45,166 DEBUG   HandlerThread:47538 [handler.py:handle_request():146] handle_request: run_start
2024-05-23 10:55:45,168 DEBUG   HandlerThread:47538 [system_info.py:__init__():26] System info init
2024-05-23 10:55:45,168 DEBUG   HandlerThread:47538 [system_info.py:__init__():41] System info init done
2024-05-23 10:55:45,168 INFO    HandlerThread:47538 [system_monitor.py:start():194] Starting system monitor
2024-05-23 10:55:45,168 INFO    SystemMonitor:47538 [system_monitor.py:_start():158] Starting system asset monitoring threads
2024-05-23 10:55:45,168 INFO    HandlerThread:47538 [system_monitor.py:probe():214] Collecting system info
2024-05-23 10:55:45,169 INFO    SystemMonitor:47538 [interfaces.py:start():190] Started cpu monitoring
2024-05-23 10:55:45,169 DEBUG   HandlerThread:47538 [system_info.py:probe():150] Probing system
2024-05-23 10:55:45,169 INFO    SystemMonitor:47538 [interfaces.py:start():190] Started disk monitoring
2024-05-23 10:55:45,171 INFO    SystemMonitor:47538 [interfaces.py:start():190] Started gpuapple monitoring
2024-05-23 10:55:45,178 INFO    SystemMonitor:47538 [interfaces.py:start():190] Started memory monitoring
2024-05-23 10:55:45,179 INFO    SystemMonitor:47538 [interfaces.py:start():190] Started network monitoring
2024-05-23 10:55:45,180 DEBUG   HandlerThread:47538 [system_info.py:_probe_git():135] Probing git
2024-05-23 10:55:45,201 DEBUG   HandlerThread:47538 [system_info.py:_probe_git():143] Probing git done
2024-05-23 10:55:45,201 DEBUG   HandlerThread:47538 [system_info.py:probe():198] Probing system done
2024-05-23 10:55:45,201 DEBUG   HandlerThread:47538 [system_monitor.py:probe():223] {'os': 'macOS-14.5-arm64-arm-64bit', 'python': '3.10.12', 'heartbeatAt': '2024-05-23T08:55:45.170790', 'startedAt': '2024-05-23T08:55:42.078147', 'docker': None, 'cuda': None, 'args': ('--model_name_or_path', 'google-t5/t5-large', '--do_eval', '--dataset_name', 'squad', '--context_column', 'context', '--question_column', 'question', '--answer_column', 'answers', '--output_dir', './save/squad_t5-base/', '--per_device_eval_batch_size', '1', '--deploy_scenario', 'True', '--use_synchronize', 'False', '--overwrite_output_dir', '--predict_with_generate', '--max_seq_length', '512', '--use_early_exit', 'True', '--exit_conf_type', 'reweight_contrastive_decoding', '--exit_conf_threshold', '0.9', '--exit_min_layer', '1', '--include_inputs_for_metrics', 'True', '--max_eval_samples', '100', '--use_auth_token', 'True'), 'state': 'running', 'program': '-m run_question_answering', 'codePathLocal': None, 'git': {'remote': 'https://github.com/joanvelja/Confidently_Exiting.git', 'commit': '1b8b20a7ab37621bdcb766e3953e83c811cd898e'}, 'email': 'matteo.nulli@gmail.com', 'root': '/Users/matteo/Documents/MSc/Period5/DL2/Project/Confidently_Exiting', 'host': 'MacBook-Pro-di-Matteo-4.local', 'username': 'matteo', 'executable': '/Users/matteo/anaconda3/envs/dl2/bin/python', 'cpu_count': 10, 'cpu_count_logical': 10, 'disk': {'/': {'total': 460.4317207336426, 'used': 421.69163513183594}}, 'gpuapple': {'type': 'arm', 'vendor': 'Apple'}, 'memory': {'total': 32.0}}
2024-05-23 10:55:45,201 INFO    HandlerThread:47538 [system_monitor.py:probe():224] Finished collecting system info
2024-05-23 10:55:45,201 INFO    HandlerThread:47538 [system_monitor.py:probe():227] Publishing system info
2024-05-23 10:55:45,201 DEBUG   HandlerThread:47538 [system_info.py:_save_conda():207] Saving list of conda packages installed into the current environment
2024-05-23 10:55:45,463 INFO    Thread-60 :47538 [dir_watcher.py:_on_file_created():271] file/dir created: /Users/matteo/Documents/MSc/Period5/DL2/Project/Confidently_Exiting/src/wandb/run-20240523_105542-qwyidp7i/files/conda-environment.yaml
2024-05-23 10:55:46,803 DEBUG   HandlerThread:47538 [system_info.py:_save_conda():222] Saving conda packages done
2024-05-23 10:55:46,804 INFO    HandlerThread:47538 [system_monitor.py:probe():229] Finished publishing system info
2024-05-23 10:55:46,804 DEBUG   SenderThread:47538 [sender.py:send():379] send: files
2024-05-23 10:55:46,804 INFO    SenderThread:47538 [sender.py:_save_file():1390] saving file wandb-metadata.json with policy now
2024-05-23 10:55:46,881 DEBUG   HandlerThread:47538 [handler.py:handle_request():146] handle_request: python_packages
2024-05-23 10:55:46,881 DEBUG   SenderThread:47538 [sender.py:send_request():406] send_request: python_packages
2024-05-23 10:55:46,882 DEBUG   HandlerThread:47538 [handler.py:handle_request():146] handle_request: internal_messages
2024-05-23 10:55:46,882 DEBUG   HandlerThread:47538 [handler.py:handle_request():146] handle_request: stop_status
2024-05-23 10:55:46,882 DEBUG   SenderThread:47538 [sender.py:send():379] send: telemetry
2024-05-23 10:55:46,882 DEBUG   SenderThread:47538 [sender.py:send_request():406] send_request: stop_status
2024-05-23 10:55:47,420 INFO    wandb-upload_0:47538 [upload_job.py:push():131] Uploaded file /var/folders/vz/f1jf304n3fxfxhc14yfh_l_c0000gn/T/tmp778c7_9fwandb/svy7gemu-wandb-metadata.json
2024-05-23 10:55:47,471 INFO    Thread-60 :47538 [dir_watcher.py:_on_file_modified():288] file/dir modified: /Users/matteo/Documents/MSc/Period5/DL2/Project/Confidently_Exiting/src/wandb/run-20240523_105542-qwyidp7i/files/conda-environment.yaml
2024-05-23 10:55:47,471 INFO    Thread-60 :47538 [dir_watcher.py:_on_file_created():271] file/dir created: /Users/matteo/Documents/MSc/Period5/DL2/Project/Confidently_Exiting/src/wandb/run-20240523_105542-qwyidp7i/files/output.log
2024-05-23 10:55:47,472 INFO    Thread-60 :47538 [dir_watcher.py:_on_file_created():271] file/dir created: /Users/matteo/Documents/MSc/Period5/DL2/Project/Confidently_Exiting/src/wandb/run-20240523_105542-qwyidp7i/files/wandb-metadata.json
2024-05-23 10:55:47,472 INFO    Thread-60 :47538 [dir_watcher.py:_on_file_created():271] file/dir created: /Users/matteo/Documents/MSc/Period5/DL2/Project/Confidently_Exiting/src/wandb/run-20240523_105542-qwyidp7i/files/requirements.txt
2024-05-23 10:55:48,293 DEBUG   HandlerThread:47538 [handler.py:handle_request():146] handle_request: status_report
2024-05-23 10:55:49,481 INFO    Thread-60 :47538 [dir_watcher.py:_on_file_modified():288] file/dir modified: /Users/matteo/Documents/MSc/Period5/DL2/Project/Confidently_Exiting/src/wandb/run-20240523_105542-qwyidp7i/files/output.log
2024-05-23 10:55:53,431 DEBUG   HandlerThread:47538 [handler.py:handle_request():146] handle_request: status_report
2024-05-23 10:55:55,520 INFO    Thread-60 :47538 [dir_watcher.py:_on_file_modified():288] file/dir modified: /Users/matteo/Documents/MSc/Period5/DL2/Project/Confidently_Exiting/src/wandb/run-20240523_105542-qwyidp7i/files/output.log
2024-05-23 10:55:58,890 DEBUG   HandlerThread:47538 [handler.py:handle_request():146] handle_request: status_report
2024-05-23 10:57:42,955 DEBUG   HandlerThread:47538 [handler.py:handle_request():146] handle_request: stop_status
2024-05-23 10:57:42,956 DEBUG   HandlerThread:47538 [handler.py:handle_request():146] handle_request: internal_messages
2024-05-23 10:57:42,956 DEBUG   SenderThread:47538 [sender.py:send_request():406] send_request: stop_status
2024-05-23 10:57:46,383 DEBUG   HandlerThread:47538 [handler.py:handle_request():146] handle_request: status_report
2024-05-23 10:57:46,657 INFO    Thread-60 :47538 [dir_watcher.py:_on_file_modified():288] file/dir modified: /Users/matteo/Documents/MSc/Period5/DL2/Project/Confidently_Exiting/src/wandb/run-20240523_105542-qwyidp7i/files/output.log
2024-05-23 10:57:50,675 INFO    Thread-60 :47538 [dir_watcher.py:_on_file_modified():288] file/dir modified: /Users/matteo/Documents/MSc/Period5/DL2/Project/Confidently_Exiting/src/wandb/run-20240523_105542-qwyidp7i/files/output.log
2024-05-23 10:57:51,798 DEBUG   HandlerThread:47538 [handler.py:handle_request():146] handle_request: status_report
2024-05-23 10:57:52,692 INFO    Thread-60 :47538 [dir_watcher.py:_on_file_modified():288] file/dir modified: /Users/matteo/Documents/MSc/Period5/DL2/Project/Confidently_Exiting/src/wandb/run-20240523_105542-qwyidp7i/files/output.log
2024-05-23 10:57:54,713 INFO    Thread-60 :47538 [dir_watcher.py:_on_file_modified():288] file/dir modified: /Users/matteo/Documents/MSc/Period5/DL2/Project/Confidently_Exiting/src/wandb/run-20240523_105542-qwyidp7i/files/output.log
2024-05-23 10:57:56,734 INFO    Thread-60 :47538 [dir_watcher.py:_on_file_modified():288] file/dir modified: /Users/matteo/Documents/MSc/Period5/DL2/Project/Confidently_Exiting/src/wandb/run-20240523_105542-qwyidp7i/files/output.log
2024-05-23 10:57:57,236 DEBUG   HandlerThread:47538 [handler.py:handle_request():146] handle_request: status_report
2024-05-23 10:57:57,744 INFO    Thread-60 :47538 [dir_watcher.py:_on_file_modified():288] file/dir modified: /Users/matteo/Documents/MSc/Period5/DL2/Project/Confidently_Exiting/src/wandb/run-20240523_105542-qwyidp7i/files/config.yaml
2024-05-23 10:57:57,957 DEBUG   HandlerThread:47538 [handler.py:handle_request():146] handle_request: internal_messages
2024-05-23 10:57:57,958 DEBUG   HandlerThread:47538 [handler.py:handle_request():146] handle_request: stop_status
2024-05-23 10:57:57,958 DEBUG   SenderThread:47538 [sender.py:send_request():406] send_request: stop_status
2024-05-23 10:57:58,754 INFO    Thread-60 :47538 [dir_watcher.py:_on_file_modified():288] file/dir modified: /Users/matteo/Documents/MSc/Period5/DL2/Project/Confidently_Exiting/src/wandb/run-20240523_105542-qwyidp7i/files/output.log
2024-05-23 10:58:00,774 INFO    Thread-60 :47538 [dir_watcher.py:_on_file_modified():288] file/dir modified: /Users/matteo/Documents/MSc/Period5/DL2/Project/Confidently_Exiting/src/wandb/run-20240523_105542-qwyidp7i/files/output.log
2024-05-23 10:58:02,789 INFO    Thread-60 :47538 [dir_watcher.py:_on_file_modified():288] file/dir modified: /Users/matteo/Documents/MSc/Period5/DL2/Project/Confidently_Exiting/src/wandb/run-20240523_105542-qwyidp7i/files/output.log
2024-05-23 10:58:03,218 DEBUG   HandlerThread:47538 [handler.py:handle_request():146] handle_request: status_report
2024-05-23 10:58:04,809 INFO    Thread-60 :47538 [dir_watcher.py:_on_file_modified():288] file/dir modified: /Users/matteo/Documents/MSc/Period5/DL2/Project/Confidently_Exiting/src/wandb/run-20240523_105542-qwyidp7i/files/output.log
2024-05-23 10:58:06,829 INFO    Thread-60 :47538 [dir_watcher.py:_on_file_modified():288] file/dir modified: /Users/matteo/Documents/MSc/Period5/DL2/Project/Confidently_Exiting/src/wandb/run-20240523_105542-qwyidp7i/files/output.log
2024-05-23 10:58:08,582 DEBUG   HandlerThread:47538 [handler.py:handle_request():146] handle_request: status_report
2024-05-23 10:58:08,841 INFO    Thread-60 :47538 [dir_watcher.py:_on_file_modified():288] file/dir modified: /Users/matteo/Documents/MSc/Period5/DL2/Project/Confidently_Exiting/src/wandb/run-20240523_105542-qwyidp7i/files/output.log
2024-05-23 10:58:10,858 INFO    Thread-60 :47538 [dir_watcher.py:_on_file_modified():288] file/dir modified: /Users/matteo/Documents/MSc/Period5/DL2/Project/Confidently_Exiting/src/wandb/run-20240523_105542-qwyidp7i/files/output.log
2024-05-23 10:58:12,879 INFO    Thread-60 :47538 [dir_watcher.py:_on_file_modified():288] file/dir modified: /Users/matteo/Documents/MSc/Period5/DL2/Project/Confidently_Exiting/src/wandb/run-20240523_105542-qwyidp7i/files/output.log
2024-05-23 10:58:12,963 DEBUG   HandlerThread:47538 [handler.py:handle_request():146] handle_request: stop_status
2024-05-23 10:58:12,964 DEBUG   SenderThread:47538 [sender.py:send_request():406] send_request: stop_status
2024-05-23 10:58:12,968 DEBUG   HandlerThread:47538 [handler.py:handle_request():146] handle_request: internal_messages
2024-05-23 10:58:13,924 DEBUG   HandlerThread:47538 [handler.py:handle_request():146] handle_request: status_report
2024-05-23 10:58:14,899 INFO    Thread-60 :47538 [dir_watcher.py:_on_file_modified():288] file/dir modified: /Users/matteo/Documents/MSc/Period5/DL2/Project/Confidently_Exiting/src/wandb/run-20240523_105542-qwyidp7i/files/output.log
2024-05-23 10:58:16,919 INFO    Thread-60 :47538 [dir_watcher.py:_on_file_modified():288] file/dir modified: /Users/matteo/Documents/MSc/Period5/DL2/Project/Confidently_Exiting/src/wandb/run-20240523_105542-qwyidp7i/files/output.log
2024-05-23 10:58:18,940 INFO    Thread-60 :47538 [dir_watcher.py:_on_file_modified():288] file/dir modified: /Users/matteo/Documents/MSc/Period5/DL2/Project/Confidently_Exiting/src/wandb/run-20240523_105542-qwyidp7i/files/output.log
2024-05-23 10:58:19,603 DEBUG   HandlerThread:47538 [handler.py:handle_request():146] handle_request: status_report
2024-05-23 10:58:20,960 INFO    Thread-60 :47538 [dir_watcher.py:_on_file_modified():288] file/dir modified: /Users/matteo/Documents/MSc/Period5/DL2/Project/Confidently_Exiting/src/wandb/run-20240523_105542-qwyidp7i/files/output.log
2024-05-23 10:58:22,978 INFO    Thread-60 :47538 [dir_watcher.py:_on_file_modified():288] file/dir modified: /Users/matteo/Documents/MSc/Period5/DL2/Project/Confidently_Exiting/src/wandb/run-20240523_105542-qwyidp7i/files/output.log
2024-05-23 10:58:24,983 DEBUG   HandlerThread:47538 [handler.py:handle_request():146] handle_request: status_report
2024-05-23 10:58:24,992 INFO    Thread-60 :47538 [dir_watcher.py:_on_file_modified():288] file/dir modified: /Users/matteo/Documents/MSc/Period5/DL2/Project/Confidently_Exiting/src/wandb/run-20240523_105542-qwyidp7i/files/output.log
2024-05-23 10:58:26,256 DEBUG   SystemMonitor:47538 [system_monitor.py:_start():172] Starting system metrics aggregation loop
2024-05-23 10:58:26,257 DEBUG   SenderThread:47538 [sender.py:send():379] send: telemetry
2024-05-23 10:58:26,257 DEBUG   SenderThread:47538 [sender.py:send():379] send: stats
2024-05-23 10:58:27,010 INFO    Thread-60 :47538 [dir_watcher.py:_on_file_modified():288] file/dir modified: /Users/matteo/Documents/MSc/Period5/DL2/Project/Confidently_Exiting/src/wandb/run-20240523_105542-qwyidp7i/files/output.log
2024-05-23 10:59:44,462 DEBUG   HandlerThread:47538 [handler.py:handle_request():146] handle_request: stop_status
2024-05-23 10:59:44,469 DEBUG   HandlerThread:47538 [handler.py:handle_request():146] handle_request: internal_messages
2024-05-23 10:59:45,520 INFO    Thread-60 :47538 [dir_watcher.py:_on_file_modified():288] file/dir modified: /Users/matteo/Documents/MSc/Period5/DL2/Project/Confidently_Exiting/src/wandb/run-20240523_105542-qwyidp7i/files/output.log
2024-05-23 10:59:49,479 DEBUG   HandlerThread:47538 [handler.py:handle_request():146] handle_request: keepalive
2024-05-23 10:59:54,520 DEBUG   HandlerThread:47538 [handler.py:handle_request():146] handle_request: keepalive
2024-05-23 10:59:59,470 DEBUG   HandlerThread:47538 [handler.py:handle_request():146] handle_request: internal_messages
2024-05-23 11:00:04,611 DEBUG   HandlerThread:47538 [handler.py:handle_request():146] handle_request: keepalive
2024-05-23 11:00:05,688 INFO    SenderThread:47538 [retry.py:__call__():172] Retry attempt failed:
Traceback (most recent call last):
  File "/Users/matteo/anaconda3/envs/dl2/lib/python3.10/site-packages/urllib3/connection.py", line 198, in _new_conn
    sock = connection.create_connection(
  File "/Users/matteo/anaconda3/envs/dl2/lib/python3.10/site-packages/urllib3/util/connection.py", line 60, in create_connection
    for res in socket.getaddrinfo(host, port, family, socket.SOCK_STREAM):
  File "/Users/matteo/anaconda3/envs/dl2/lib/python3.10/socket.py", line 955, in getaddrinfo
    for res in _socket.getaddrinfo(host, port, family, type, proto, flags):
socket.gaierror: [Errno 8] nodename nor servname provided, or not known

The above exception was the direct cause of the following exception:

Traceback (most recent call last):
  File "/Users/matteo/anaconda3/envs/dl2/lib/python3.10/site-packages/urllib3/connectionpool.py", line 793, in urlopen
    response = self._make_request(
  File "/Users/matteo/anaconda3/envs/dl2/lib/python3.10/site-packages/urllib3/connectionpool.py", line 491, in _make_request
    raise new_e
  File "/Users/matteo/anaconda3/envs/dl2/lib/python3.10/site-packages/urllib3/connectionpool.py", line 467, in _make_request
    self._validate_conn(conn)
  File "/Users/matteo/anaconda3/envs/dl2/lib/python3.10/site-packages/urllib3/connectionpool.py", line 1099, in _validate_conn
    conn.connect()
  File "/Users/matteo/anaconda3/envs/dl2/lib/python3.10/site-packages/urllib3/connection.py", line 616, in connect
    self.sock = sock = self._new_conn()
  File "/Users/matteo/anaconda3/envs/dl2/lib/python3.10/site-packages/urllib3/connection.py", line 205, in _new_conn
    raise NameResolutionError(self.host, self, e) from e
urllib3.exceptions.NameResolutionError: <urllib3.connection.HTTPSConnection object at 0x12d3c9000>: Failed to resolve 'api.wandb.ai' ([Errno 8] nodename nor servname provided, or not known)

The above exception was the direct cause of the following exception:

Traceback (most recent call last):
  File "/Users/matteo/anaconda3/envs/dl2/lib/python3.10/site-packages/requests/adapters.py", line 486, in send
    resp = conn.urlopen(
  File "/Users/matteo/anaconda3/envs/dl2/lib/python3.10/site-packages/urllib3/connectionpool.py", line 847, in urlopen
    retries = retries.increment(
  File "/Users/matteo/anaconda3/envs/dl2/lib/python3.10/site-packages/urllib3/util/retry.py", line 515, in increment
    raise MaxRetryError(_pool, url, reason) from reason  # type: ignore[arg-type]
urllib3.exceptions.MaxRetryError: HTTPSConnectionPool(host='api.wandb.ai', port=443): Max retries exceeded with url: /graphql (Caused by NameResolutionError("<urllib3.connection.HTTPSConnection object at 0x12d3c9000>: Failed to resolve 'api.wandb.ai' ([Errno 8] nodename nor servname provided, or not known)"))

During handling of the above exception, another exception occurred:

Traceback (most recent call last):
  File "/Users/matteo/anaconda3/envs/dl2/lib/python3.10/site-packages/wandb/sdk/lib/retry.py", line 131, in __call__
    result = self._call_fn(*args, **kwargs)
  File "/Users/matteo/anaconda3/envs/dl2/lib/python3.10/site-packages/wandb/sdk/internal/internal_api.py", line 369, in execute
    return self.client.execute(*args, **kwargs)  # type: ignore
  File "/Users/matteo/anaconda3/envs/dl2/lib/python3.10/site-packages/wandb/vendor/gql-0.2.0/wandb_gql/client.py", line 52, in execute
    result = self._get_result(document, *args, **kwargs)
  File "/Users/matteo/anaconda3/envs/dl2/lib/python3.10/site-packages/wandb/vendor/gql-0.2.0/wandb_gql/client.py", line 60, in _get_result
    return self.transport.execute(document, *args, **kwargs)
  File "/Users/matteo/anaconda3/envs/dl2/lib/python3.10/site-packages/wandb/sdk/lib/gql_request.py", line 58, in execute
    request = self.session.post(self.url, **post_args)
  File "/Users/matteo/anaconda3/envs/dl2/lib/python3.10/site-packages/requests/sessions.py", line 637, in post
    return self.request("POST", url, data=data, json=json, **kwargs)
  File "/Users/matteo/anaconda3/envs/dl2/lib/python3.10/site-packages/requests/sessions.py", line 589, in request
    resp = self.send(prep, **send_kwargs)
  File "/Users/matteo/anaconda3/envs/dl2/lib/python3.10/site-packages/requests/sessions.py", line 703, in send
    r = adapter.send(request, **kwargs)
  File "/Users/matteo/anaconda3/envs/dl2/lib/python3.10/site-packages/requests/adapters.py", line 519, in send
    raise ConnectionError(e, request=request)
requests.exceptions.ConnectionError: HTTPSConnectionPool(host='api.wandb.ai', port=443): Max retries exceeded with url: /graphql (Caused by NameResolutionError("<urllib3.connection.HTTPSConnection object at 0x12d3c9000>: Failed to resolve 'api.wandb.ai' ([Errno 8] nodename nor servname provided, or not known)"))
2024-05-23 11:00:09,662 DEBUG   HandlerThread:47538 [handler.py:handle_request():146] handle_request: keepalive
2024-05-23 11:00:14,480 DEBUG   HandlerThread:47538 [handler.py:handle_request():146] handle_request: internal_messages
2024-05-23 11:00:18,758 DEBUG   SenderThread:47538 [sender.py:send_request():406] send_request: stop_status
2024-05-23 11:00:18,839 INFO    Thread-60 :47538 [dir_watcher.py:_on_file_modified():288] file/dir modified: /Users/matteo/Documents/MSc/Period5/DL2/Project/Confidently_Exiting/src/wandb/run-20240523_105542-qwyidp7i/files/config.yaml
2024-05-23 11:00:18,953 DEBUG   SenderThread:47538 [sender.py:send():379] send: stats
2024-05-23 11:00:19,760 DEBUG   HandlerThread:47538 [handler.py:handle_request():146] handle_request: keepalive
2024-05-23 11:00:19,846 INFO    Thread-60 :47538 [dir_watcher.py:_on_file_modified():288] file/dir modified: /Users/matteo/Documents/MSc/Period5/DL2/Project/Confidently_Exiting/src/wandb/run-20240523_105542-qwyidp7i/files/output.log
2024-05-23 11:00:21,867 INFO    Thread-60 :47538 [dir_watcher.py:_on_file_modified():288] file/dir modified: /Users/matteo/Documents/MSc/Period5/DL2/Project/Confidently_Exiting/src/wandb/run-20240523_105542-qwyidp7i/files/output.log
2024-05-23 11:00:23,887 INFO    Thread-60 :47538 [dir_watcher.py:_on_file_modified():288] file/dir modified: /Users/matteo/Documents/MSc/Period5/DL2/Project/Confidently_Exiting/src/wandb/run-20240523_105542-qwyidp7i/files/output.log
2024-05-23 11:00:24,190 DEBUG   HandlerThread:47538 [handler.py:handle_request():146] handle_request: status_report
2024-05-23 11:00:24,802 DEBUG   HandlerThread:47538 [handler.py:handle_request():146] handle_request: keepalive
2024-05-23 11:00:25,907 INFO    Thread-60 :47538 [dir_watcher.py:_on_file_modified():288] file/dir modified: /Users/matteo/Documents/MSc/Period5/DL2/Project/Confidently_Exiting/src/wandb/run-20240523_105542-qwyidp7i/files/output.log
2024-05-23 11:00:27,927 INFO    Thread-60 :47538 [dir_watcher.py:_on_file_modified():288] file/dir modified: /Users/matteo/Documents/MSc/Period5/DL2/Project/Confidently_Exiting/src/wandb/run-20240523_105542-qwyidp7i/files/output.log
2024-05-23 11:00:29,489 DEBUG   HandlerThread:47538 [handler.py:handle_request():146] handle_request: internal_messages
2024-05-23 11:00:29,947 INFO    Thread-60 :47538 [dir_watcher.py:_on_file_modified():288] file/dir modified: /Users/matteo/Documents/MSc/Period5/DL2/Project/Confidently_Exiting/src/wandb/run-20240523_105542-qwyidp7i/files/output.log
2024-05-23 11:00:30,131 DEBUG   HandlerThread:47538 [handler.py:handle_request():146] handle_request: status_report
2024-05-23 11:00:48,656 INFO    Thread-60 :47538 [dir_watcher.py:_on_file_modified():288] file/dir modified: /Users/matteo/Documents/MSc/Period5/DL2/Project/Confidently_Exiting/src/wandb/run-20240523_105542-qwyidp7i/files/output.log
2024-05-23 11:00:50,665 INFO    Thread-60 :47538 [dir_watcher.py:_on_file_modified():288] file/dir modified: /Users/matteo/Documents/MSc/Period5/DL2/Project/Confidently_Exiting/src/wandb/run-20240523_105542-qwyidp7i/files/output.log
2024-05-23 11:00:51,328 DEBUG   HandlerThread:47538 [handler.py:handle_request():146] handle_request: keepalive
2024-05-23 11:00:52,673 INFO    Thread-60 :47538 [dir_watcher.py:_on_file_modified():288] file/dir modified: /Users/matteo/Documents/MSc/Period5/DL2/Project/Confidently_Exiting/src/wandb/run-20240523_105542-qwyidp7i/files/output.log
2024-05-23 11:00:53,474 DEBUG   HandlerThread:47538 [handler.py:handle_request():146] handle_request: status_report
2024-05-23 11:00:54,683 INFO    Thread-60 :47538 [dir_watcher.py:_on_file_modified():288] file/dir modified: /Users/matteo/Documents/MSc/Period5/DL2/Project/Confidently_Exiting/src/wandb/run-20240523_105542-qwyidp7i/files/output.log
2024-05-23 11:00:55,737 DEBUG   HandlerThread:47538 [handler.py:handle_request():146] handle_request: partial_history
2024-05-23 11:00:55,737 DEBUG   SenderThread:47538 [sender.py:send():379] send: config
2024-05-23 11:00:55,745 DEBUG   SenderThread:47538 [sender.py:send():379] send: metric
2024-05-23 11:00:55,746 DEBUG   SenderThread:47538 [sender.py:send():379] send: telemetry
2024-05-23 11:00:55,746 DEBUG   SenderThread:47538 [sender.py:send():379] send: metric
2024-05-23 11:00:55,746 WARNING SenderThread:47538 [sender.py:send_metric():1341] Seen metric with glob (shouldn't happen)
2024-05-23 11:00:55,746 DEBUG   SenderThread:47538 [sender.py:send():379] send: metric
2024-05-23 11:00:55,746 DEBUG   SenderThread:47538 [sender.py:send():379] send: metric
2024-05-23 11:00:55,746 DEBUG   SenderThread:47538 [sender.py:send():379] send: metric
2024-05-23 11:00:55,746 DEBUG   SenderThread:47538 [sender.py:send():379] send: metric
2024-05-23 11:00:55,746 DEBUG   SenderThread:47538 [sender.py:send():379] send: metric
2024-05-23 11:00:55,746 DEBUG   SenderThread:47538 [sender.py:send():379] send: metric
2024-05-23 11:00:55,747 DEBUG   SenderThread:47538 [sender.py:send():379] send: metric
2024-05-23 11:00:55,749 DEBUG   SenderThread:47538 [sender.py:send():379] send: metric
2024-05-23 11:00:55,749 DEBUG   SenderThread:47538 [sender.py:send():379] send: metric
2024-05-23 11:00:55,749 DEBUG   SenderThread:47538 [sender.py:send():379] send: metric
2024-05-23 11:00:55,750 DEBUG   SenderThread:47538 [sender.py:send():379] send: metric
2024-05-23 11:00:55,750 DEBUG   SenderThread:47538 [sender.py:send():379] send: metric
2024-05-23 11:00:55,750 DEBUG   SenderThread:47538 [sender.py:send():379] send: metric
2024-05-23 11:00:55,750 DEBUG   SenderThread:47538 [sender.py:send():379] send: metric
2024-05-23 11:00:55,750 DEBUG   SenderThread:47538 [sender.py:send():379] send: metric
2024-05-23 11:00:55,750 DEBUG   SenderThread:47538 [sender.py:send():379] send: metric
2024-05-23 11:00:55,750 DEBUG   SenderThread:47538 [sender.py:send():379] send: metric
2024-05-23 11:00:55,750 DEBUG   SenderThread:47538 [sender.py:send():379] send: metric
2024-05-23 11:00:55,750 DEBUG   SenderThread:47538 [sender.py:send():379] send: metric
2024-05-23 11:00:55,750 DEBUG   SenderThread:47538 [sender.py:send():379] send: metric
2024-05-23 11:00:55,750 DEBUG   SenderThread:47538 [sender.py:send():379] send: history
2024-05-23 11:00:55,751 DEBUG   SenderThread:47538 [sender.py:send_request():406] send_request: summary_record
2024-05-23 11:00:55,752 INFO    SenderThread:47538 [sender.py:_save_file():1390] saving file wandb-summary.json with policy end
2024-05-23 11:00:55,888 DEBUG   SenderThread:47538 [sender.py:send():379] send: telemetry
2024-05-23 11:00:55,889 DEBUG   SenderThread:47538 [sender.py:send():379] send: exit
2024-05-23 11:00:55,889 INFO    SenderThread:47538 [sender.py:send_exit():586] handling exit code: 0
2024-05-23 11:00:55,889 INFO    SenderThread:47538 [sender.py:send_exit():588] handling runtime: 310
2024-05-23 11:00:55,889 INFO    SenderThread:47538 [sender.py:_save_file():1390] saving file wandb-summary.json with policy end
2024-05-23 11:00:55,889 INFO    SenderThread:47538 [sender.py:send_exit():594] send defer
2024-05-23 11:00:55,889 DEBUG   HandlerThread:47538 [handler.py:handle_request():146] handle_request: defer
2024-05-23 11:00:55,889 INFO    HandlerThread:47538 [handler.py:handle_request_defer():172] handle defer: 0
2024-05-23 11:00:55,890 DEBUG   SenderThread:47538 [sender.py:send_request():406] send_request: defer
2024-05-23 11:00:55,890 INFO    SenderThread:47538 [sender.py:send_request_defer():610] handle sender defer: 0
2024-05-23 11:00:55,890 INFO    SenderThread:47538 [sender.py:transition_state():614] send defer: 1
2024-05-23 11:00:55,890 DEBUG   HandlerThread:47538 [handler.py:handle_request():146] handle_request: defer
2024-05-23 11:00:55,890 INFO    HandlerThread:47538 [handler.py:handle_request_defer():172] handle defer: 1
2024-05-23 11:00:55,890 DEBUG   SenderThread:47538 [sender.py:send_request():406] send_request: defer
2024-05-23 11:00:55,890 INFO    SenderThread:47538 [sender.py:send_request_defer():610] handle sender defer: 1
2024-05-23 11:00:55,890 INFO    SenderThread:47538 [sender.py:transition_state():614] send defer: 2
2024-05-23 11:00:55,890 DEBUG   HandlerThread:47538 [handler.py:handle_request():146] handle_request: defer
2024-05-23 11:00:55,890 INFO    HandlerThread:47538 [handler.py:handle_request_defer():172] handle defer: 2
2024-05-23 11:00:55,890 INFO    HandlerThread:47538 [system_monitor.py:finish():203] Stopping system monitor
2024-05-23 11:00:55,890 DEBUG   SystemMonitor:47538 [system_monitor.py:_start():179] Finished system metrics aggregation loop
2024-05-23 11:00:55,890 DEBUG   SystemMonitor:47538 [system_monitor.py:_start():183] Publishing last batch of metrics
2024-05-23 11:00:55,890 INFO    HandlerThread:47538 [interfaces.py:finish():202] Joined cpu monitor
2024-05-23 11:00:55,890 INFO    HandlerThread:47538 [interfaces.py:finish():202] Joined disk monitor
2024-05-23 11:00:55,891 INFO    HandlerThread:47538 [interfaces.py:finish():202] Joined gpuapple monitor
2024-05-23 11:00:55,891 INFO    HandlerThread:47538 [interfaces.py:finish():202] Joined memory monitor
2024-05-23 11:00:55,891 INFO    HandlerThread:47538 [interfaces.py:finish():202] Joined network monitor
2024-05-23 11:00:55,891 DEBUG   SenderThread:47538 [sender.py:send_request():406] send_request: defer
2024-05-23 11:00:55,891 INFO    SenderThread:47538 [sender.py:send_request_defer():610] handle sender defer: 2
2024-05-23 11:00:55,891 INFO    SenderThread:47538 [sender.py:transition_state():614] send defer: 3
2024-05-23 11:00:55,891 DEBUG   SenderThread:47538 [sender.py:send():379] send: stats
2024-05-23 11:00:55,891 DEBUG   HandlerThread:47538 [handler.py:handle_request():146] handle_request: defer
2024-05-23 11:00:55,891 INFO    HandlerThread:47538 [handler.py:handle_request_defer():172] handle defer: 3
2024-05-23 11:00:55,891 DEBUG   SenderThread:47538 [sender.py:send_request():406] send_request: defer
2024-05-23 11:00:55,891 INFO    SenderThread:47538 [sender.py:send_request_defer():610] handle sender defer: 3
2024-05-23 11:00:55,891 INFO    SenderThread:47538 [sender.py:transition_state():614] send defer: 4
2024-05-23 11:00:55,891 DEBUG   HandlerThread:47538 [handler.py:handle_request():146] handle_request: defer
2024-05-23 11:00:55,891 INFO    HandlerThread:47538 [handler.py:handle_request_defer():172] handle defer: 4
2024-05-23 11:00:55,891 DEBUG   SenderThread:47538 [sender.py:send_request():406] send_request: defer
2024-05-23 11:00:55,891 INFO    SenderThread:47538 [sender.py:send_request_defer():610] handle sender defer: 4
2024-05-23 11:00:55,891 INFO    SenderThread:47538 [sender.py:transition_state():614] send defer: 5
2024-05-23 11:00:55,891 DEBUG   HandlerThread:47538 [handler.py:handle_request():146] handle_request: defer
2024-05-23 11:00:55,891 INFO    HandlerThread:47538 [handler.py:handle_request_defer():172] handle defer: 5
2024-05-23 11:00:55,892 DEBUG   SenderThread:47538 [sender.py:send():379] send: summary
2024-05-23 11:00:55,892 INFO    SenderThread:47538 [sender.py:_save_file():1390] saving file wandb-summary.json with policy end
2024-05-23 11:00:55,892 DEBUG   SenderThread:47538 [sender.py:send_request():406] send_request: defer
2024-05-23 11:00:55,892 INFO    SenderThread:47538 [sender.py:send_request_defer():610] handle sender defer: 5
2024-05-23 11:00:55,892 INFO    SenderThread:47538 [sender.py:transition_state():614] send defer: 6
2024-05-23 11:00:55,892 DEBUG   HandlerThread:47538 [handler.py:handle_request():146] handle_request: defer
2024-05-23 11:00:55,892 INFO    HandlerThread:47538 [handler.py:handle_request_defer():172] handle defer: 6
2024-05-23 11:00:55,892 DEBUG   SenderThread:47538 [sender.py:send_request():406] send_request: defer
2024-05-23 11:00:55,892 INFO    SenderThread:47538 [sender.py:send_request_defer():610] handle sender defer: 6
2024-05-23 11:00:55,894 DEBUG   HandlerThread:47538 [handler.py:handle_request():146] handle_request: status_report
2024-05-23 11:00:56,062 INFO    SenderThread:47538 [sender.py:transition_state():614] send defer: 7
2024-05-23 11:00:56,062 DEBUG   HandlerThread:47538 [handler.py:handle_request():146] handle_request: defer
2024-05-23 11:00:56,062 INFO    HandlerThread:47538 [handler.py:handle_request_defer():172] handle defer: 7
2024-05-23 11:00:56,062 DEBUG   SenderThread:47538 [sender.py:send_request():406] send_request: defer
2024-05-23 11:00:56,062 INFO    SenderThread:47538 [sender.py:send_request_defer():610] handle sender defer: 7
2024-05-23 11:00:56,687 INFO    Thread-60 :47538 [dir_watcher.py:_on_file_modified():288] file/dir modified: /Users/matteo/Documents/MSc/Period5/DL2/Project/Confidently_Exiting/src/wandb/run-20240523_105542-qwyidp7i/files/config.yaml
2024-05-23 11:00:56,687 INFO    Thread-60 :47538 [dir_watcher.py:_on_file_modified():288] file/dir modified: /Users/matteo/Documents/MSc/Period5/DL2/Project/Confidently_Exiting/src/wandb/run-20240523_105542-qwyidp7i/files/output.log
2024-05-23 11:00:56,688 INFO    Thread-60 :47538 [dir_watcher.py:_on_file_created():271] file/dir created: /Users/matteo/Documents/MSc/Period5/DL2/Project/Confidently_Exiting/src/wandb/run-20240523_105542-qwyidp7i/files/wandb-summary.json
2024-05-23 11:00:56,896 DEBUG   HandlerThread:47538 [handler.py:handle_request():146] handle_request: poll_exit
2024-05-23 11:00:58,259 INFO    SenderThread:47538 [sender.py:transition_state():614] send defer: 8
2024-05-23 11:00:58,259 DEBUG   SenderThread:47538 [sender.py:send_request():406] send_request: poll_exit
2024-05-23 11:00:58,259 DEBUG   HandlerThread:47538 [handler.py:handle_request():146] handle_request: defer
2024-05-23 11:00:58,260 INFO    HandlerThread:47538 [handler.py:handle_request_defer():172] handle defer: 8
2024-05-23 11:00:58,260 DEBUG   SenderThread:47538 [sender.py:send_request():406] send_request: defer
2024-05-23 11:00:58,260 INFO    SenderThread:47538 [sender.py:send_request_defer():610] handle sender defer: 8
2024-05-23 11:00:58,260 INFO    SenderThread:47538 [job_builder.py:build():318] Attempting to build job artifact
2024-05-23 11:00:58,262 INFO    SenderThread:47538 [job_builder.py:_get_source_type():455] is repo sourced job
2024-05-23 11:00:58,262 WARNING SenderThread:47538 [job_builder.py:_log_if_verbose():210] No program path found, not creating job artifact. See https://docs.wandb.ai/guides/launch/create-job
2024-05-23 11:00:58,262 INFO    SenderThread:47538 [sender.py:transition_state():614] send defer: 9
2024-05-23 11:00:58,262 DEBUG   HandlerThread:47538 [handler.py:handle_request():146] handle_request: defer
2024-05-23 11:00:58,262 INFO    HandlerThread:47538 [handler.py:handle_request_defer():172] handle defer: 9
2024-05-23 11:00:58,262 DEBUG   SenderThread:47538 [sender.py:send_request():406] send_request: defer
2024-05-23 11:00:58,262 INFO    SenderThread:47538 [sender.py:send_request_defer():610] handle sender defer: 9
2024-05-23 11:00:58,262 INFO    SenderThread:47538 [dir_watcher.py:finish():358] shutting down directory watcher
2024-05-23 11:00:58,696 INFO    SenderThread:47538 [dir_watcher.py:_on_file_modified():288] file/dir modified: /Users/matteo/Documents/MSc/Period5/DL2/Project/Confidently_Exiting/src/wandb/run-20240523_105542-qwyidp7i/files/output.log
2024-05-23 11:00:58,696 INFO    SenderThread:47538 [dir_watcher.py:finish():388] scan: /Users/matteo/Documents/MSc/Period5/DL2/Project/Confidently_Exiting/src/wandb/run-20240523_105542-qwyidp7i/files
2024-05-23 11:00:58,696 INFO    SenderThread:47538 [dir_watcher.py:finish():402] scan save: /Users/matteo/Documents/MSc/Period5/DL2/Project/Confidently_Exiting/src/wandb/run-20240523_105542-qwyidp7i/files/requirements.txt requirements.txt
2024-05-23 11:00:58,696 INFO    SenderThread:47538 [dir_watcher.py:finish():402] scan save: /Users/matteo/Documents/MSc/Period5/DL2/Project/Confidently_Exiting/src/wandb/run-20240523_105542-qwyidp7i/files/output.log output.log
2024-05-23 11:00:58,697 INFO    SenderThread:47538 [dir_watcher.py:finish():402] scan save: /Users/matteo/Documents/MSc/Period5/DL2/Project/Confidently_Exiting/src/wandb/run-20240523_105542-qwyidp7i/files/config.yaml config.yaml
2024-05-23 11:00:58,697 INFO    SenderThread:47538 [dir_watcher.py:finish():402] scan save: /Users/matteo/Documents/MSc/Period5/DL2/Project/Confidently_Exiting/src/wandb/run-20240523_105542-qwyidp7i/files/wandb-summary.json wandb-summary.json
2024-05-23 11:00:58,698 INFO    SenderThread:47538 [dir_watcher.py:finish():402] scan save: /Users/matteo/Documents/MSc/Period5/DL2/Project/Confidently_Exiting/src/wandb/run-20240523_105542-qwyidp7i/files/conda-environment.yaml conda-environment.yaml
2024-05-23 11:00:58,698 INFO    SenderThread:47538 [dir_watcher.py:finish():402] scan save: /Users/matteo/Documents/MSc/Period5/DL2/Project/Confidently_Exiting/src/wandb/run-20240523_105542-qwyidp7i/files/wandb-metadata.json wandb-metadata.json
2024-05-23 11:00:58,698 INFO    SenderThread:47538 [sender.py:transition_state():614] send defer: 10
2024-05-23 11:00:58,699 DEBUG   HandlerThread:47538 [handler.py:handle_request():146] handle_request: defer
2024-05-23 11:00:58,699 INFO    HandlerThread:47538 [handler.py:handle_request_defer():172] handle defer: 10
2024-05-23 11:00:58,700 DEBUG   SenderThread:47538 [sender.py:send_request():406] send_request: defer
2024-05-23 11:00:58,701 INFO    SenderThread:47538 [sender.py:send_request_defer():610] handle sender defer: 10
2024-05-23 11:00:58,701 INFO    SenderThread:47538 [file_pusher.py:finish():172] shutting down file pusher
2024-05-23 11:00:58,901 DEBUG   HandlerThread:47538 [handler.py:handle_request():146] handle_request: poll_exit
2024-05-23 11:00:58,901 DEBUG   SenderThread:47538 [sender.py:send_request():406] send_request: poll_exit
2024-05-23 11:00:59,204 INFO    wandb-upload_3:47538 [upload_job.py:push():131] Uploaded file /Users/matteo/Documents/MSc/Period5/DL2/Project/Confidently_Exiting/src/wandb/run-20240523_105542-qwyidp7i/files/wandb-summary.json
2024-05-23 11:00:59,204 INFO    wandb-upload_2:47538 [upload_job.py:push():131] Uploaded file /Users/matteo/Documents/MSc/Period5/DL2/Project/Confidently_Exiting/src/wandb/run-20240523_105542-qwyidp7i/files/config.yaml
2024-05-23 11:00:59,225 INFO    wandb-upload_0:47538 [upload_job.py:push():131] Uploaded file /Users/matteo/Documents/MSc/Period5/DL2/Project/Confidently_Exiting/src/wandb/run-20240523_105542-qwyidp7i/files/requirements.txt
2024-05-23 11:00:59,243 INFO    wandb-upload_4:47538 [upload_job.py:push():131] Uploaded file /Users/matteo/Documents/MSc/Period5/DL2/Project/Confidently_Exiting/src/wandb/run-20240523_105542-qwyidp7i/files/conda-environment.yaml
2024-05-23 11:00:59,308 INFO    wandb-upload_1:47538 [upload_job.py:push():131] Uploaded file /Users/matteo/Documents/MSc/Period5/DL2/Project/Confidently_Exiting/src/wandb/run-20240523_105542-qwyidp7i/files/output.log
2024-05-23 11:00:59,514 INFO    Thread-59 (_thread_body):47538 [sender.py:transition_state():614] send defer: 11
2024-05-23 11:00:59,515 DEBUG   HandlerThread:47538 [handler.py:handle_request():146] handle_request: defer
2024-05-23 11:00:59,515 INFO    HandlerThread:47538 [handler.py:handle_request_defer():172] handle defer: 11
2024-05-23 11:00:59,516 DEBUG   SenderThread:47538 [sender.py:send_request():406] send_request: defer
2024-05-23 11:00:59,516 INFO    SenderThread:47538 [sender.py:send_request_defer():610] handle sender defer: 11
2024-05-23 11:00:59,516 INFO    SenderThread:47538 [file_pusher.py:join():178] waiting for file pusher
2024-05-23 11:00:59,517 INFO    SenderThread:47538 [sender.py:transition_state():614] send defer: 12
2024-05-23 11:00:59,517 DEBUG   HandlerThread:47538 [handler.py:handle_request():146] handle_request: defer
2024-05-23 11:00:59,517 INFO    HandlerThread:47538 [handler.py:handle_request_defer():172] handle defer: 12
2024-05-23 11:00:59,517 DEBUG   SenderThread:47538 [sender.py:send_request():406] send_request: defer
2024-05-23 11:00:59,517 INFO    SenderThread:47538 [sender.py:send_request_defer():610] handle sender defer: 12
2024-05-23 11:00:59,517 INFO    SenderThread:47538 [file_stream.py:finish():614] file stream finish called
2024-05-23 11:00:59,905 DEBUG   HandlerThread:47538 [handler.py:handle_request():146] handle_request: poll_exit
2024-05-23 11:00:59,942 INFO    SenderThread:47538 [file_stream.py:finish():618] file stream finish is done
2024-05-23 11:00:59,943 INFO    SenderThread:47538 [sender.py:transition_state():614] send defer: 13
2024-05-23 11:00:59,943 DEBUG   SenderThread:47538 [sender.py:send_request():406] send_request: poll_exit
2024-05-23 11:00:59,943 DEBUG   HandlerThread:47538 [handler.py:handle_request():146] handle_request: defer
2024-05-23 11:00:59,943 INFO    HandlerThread:47538 [handler.py:handle_request_defer():172] handle defer: 13
2024-05-23 11:00:59,943 DEBUG   SenderThread:47538 [sender.py:send_request():406] send_request: defer
2024-05-23 11:00:59,943 INFO    SenderThread:47538 [sender.py:send_request_defer():610] handle sender defer: 13
2024-05-23 11:00:59,943 INFO    SenderThread:47538 [sender.py:transition_state():614] send defer: 14
2024-05-23 11:00:59,944 DEBUG   HandlerThread:47538 [handler.py:handle_request():146] handle_request: defer
2024-05-23 11:00:59,944 INFO    HandlerThread:47538 [handler.py:handle_request_defer():172] handle defer: 14
2024-05-23 11:00:59,944 DEBUG   SenderThread:47538 [sender.py:send():379] send: final
2024-05-23 11:00:59,944 DEBUG   SenderThread:47538 [sender.py:send():379] send: footer
2024-05-23 11:00:59,944 DEBUG   SenderThread:47538 [sender.py:send_request():406] send_request: defer
2024-05-23 11:00:59,944 INFO    SenderThread:47538 [sender.py:send_request_defer():610] handle sender defer: 14
2024-05-23 11:00:59,945 DEBUG   HandlerThread:47538 [handler.py:handle_request():146] handle_request: poll_exit
2024-05-23 11:00:59,945 DEBUG   SenderThread:47538 [sender.py:send_request():406] send_request: poll_exit
2024-05-23 11:00:59,945 DEBUG   HandlerThread:47538 [handler.py:handle_request():146] handle_request: internal_messages
2024-05-23 11:00:59,946 DEBUG   HandlerThread:47538 [handler.py:handle_request():146] handle_request: server_info
2024-05-23 11:00:59,946 DEBUG   HandlerThread:47538 [handler.py:handle_request():146] handle_request: get_summary
2024-05-23 11:00:59,946 DEBUG   HandlerThread:47538 [handler.py:handle_request():146] handle_request: sampled_history
2024-05-23 11:00:59,947 DEBUG   SenderThread:47538 [sender.py:send_request():406] send_request: server_info
2024-05-23 11:01:00,078 DEBUG   HandlerThread:47538 [handler.py:handle_request():146] handle_request: shutdown
2024-05-23 11:01:00,079 INFO    HandlerThread:47538 [handler.py:finish():866] shutting down handler
2024-05-23 11:01:00,952 INFO    WriterThread:47538 [datastore.py:close():296] close: /Users/matteo/Documents/MSc/Period5/DL2/Project/Confidently_Exiting/src/wandb/run-20240523_105542-qwyidp7i/run-qwyidp7i.wandb
2024-05-23 11:01:01,081 INFO    SenderThread:47538 [sender.py:finish():1546] shutting down sender
2024-05-23 11:01:01,082 INFO    SenderThread:47538 [file_pusher.py:finish():172] shutting down file pusher
2024-05-23 11:01:01,083 INFO    SenderThread:47538 [file_pusher.py:join():178] waiting for file pusher
